<?xml version="1.0" encoding="UTF-8"?>
<testng-results ignored="0" total="2" passed="2" failed="0" skipped="0">
  <reporter-output>
  </reporter-output>
  <suite started-at="2024-07-15T12:50:31 IST" name="Suite" finished-at="2024-07-15T12:50:36 IST" duration-ms="4957">
    <groups>
    </groups>
    <test started-at="2024-07-15T12:50:31 IST" name="Test2" finished-at="2024-07-15T12:50:36 IST" duration-ms="4537">
      <class name="com.comcast.ecommerce.PracticeTest.sampleTest2">
        <test-method signature="sampleTest(java.lang.String)[pri:0, instance:com.comcast.ecommerce.PracticeTest.sampleTest2@74fe5c40]" started-at="2024-07-15T12:50:31 IST" name="sampleTest" finished-at="2024-07-15T12:50:36 IST" duration-ms="4512" status="PASS">
          <params>
            <param index="0">
              <value>
                <![CDATA[Edge]]>
              </value>
            </param>
          </params>
          <reporter-output>
          </reporter-output>
        </test-method> <!-- sampleTest -->
      </class> <!-- com.comcast.ecommerce.PracticeTest.sampleTest2 -->
    </test> <!-- Test2 -->
    <test started-at="2024-07-15T12:50:31 IST" name="Test" finished-at="2024-07-15T12:50:36 IST" duration-ms="4957">
      <class name="com.comcast.ecommerce.PracticeTest.sampleTest1">
        <test-method signature="sampleTest(java.lang.String)[pri:0, instance:com.comcast.ecommerce.PracticeTest.sampleTest1@72057ecf]" started-at="2024-07-15T12:50:31 IST" name="sampleTest" finished-at="2024-07-15T12:50:36 IST" duration-ms="4935" status="PASS">
          <params>
            <param index="0">
              <value>
                <![CDATA[Firefox]]>
              </value>
            </param>
          </params>
          <reporter-output>
          </reporter-output>
        </test-method> <!-- sampleTest -->
      </class> <!-- com.comcast.ecommerce.PracticeTest.sampleTest1 -->
    </test> <!-- Test -->
  </suite> <!-- Suite -->
</testng-results>
